<?xml version="1.0" encoding="UTF-8"?>
<!-- Generated by org.testng.reporters.JUnitReportReporter -->
<testsuite hostname="Kundan" failures="0" tests="1" name="TestCases.VerifyHeader" time="69.510" errors="0" timestamp="2023-05-02T15:23:19 IST" skipped="0">
  <testcase classname="TestCases.VerifyHeader" name="header" time="69.510"/>
  <system-out/>
</testsuite> <!-- TestCases.VerifyHeader -->
